<?xml version="1.0" encoding="utf-8"?>
<!DOCTYPE coverage SYSTEM "http://cobertura.sourceforge.net/xml/coverage-04.dtd">
<coverage timestamp="1560429038669" line-rate="0" lines-covered="0" lines-valid="0" branch-rate="0" branches-covered="0" branches-valid="0" complexity="0" version="1.9"><sources/><packages><package name="" line-rate="0" branch-rate="0" complexity="1"><classes><class name="ExVoteWeb.Router" filename="lib/ex_vote_web/router.ex" line-rate="0" branch-rate="0" complexity="1"><methods><method name="__helpers__" signature="" line-rate="0" branch-rate="0"/><method name="__info__" signature="" line-rate="0" branch-rate="0"/><method name="__match_route__" signature="" line-rate="0" branch-rate="0"/><method name="__routes__" signature="" line-rate="0" branch-rate="0"/><method name="api" signature="" line-rate="0" branch-rate="0"/><method name="api_auth" signature="" line-rate="0" branch-rate="0"/><method name="browser" signature="" line-rate="0" branch-rate="0"/><method name="prepare" signature="" line-rate="0" branch-rate="0"/><method name="swagger_info" signature="" line-rate="0" branch-rate="0"/></methods><lines><line branch="false" hits="0" number="1"/><line branch="false" hits="0" number="1"/><line branch="false" hits="0" number="1"/><line branch="false" hits="0" number="1"/><line branch="false" hits="0" number="1"/><line branch="false" hits="0" number="1"/><line branch="false" hits="0" number="1"/><line branch="false" hits="0" number="1"/><line branch="false" hits="0" number="1"/><line branch="false" hits="0" number="1"/><line branch="false" hits="0" number="1"/><line branch="false" hits="0" number="1"/><line branch="false" hits="1" number="1"/><line branch="false" hits="0" number="1"/><line branch="false" hits="0" number="1"/><line branch="false" hits="0" number="1"/><line branch="false" hits="0" number="1"/><line branch="false" hits="1" number="1"/><line branch="false" hits="0" number="1"/><line branch="false" hits="0" number="1"/><line branch="false" hits="0" number="1"/><line branch="false" hits="0" number="1"/><line branch="false" hits="0" number="1"/><line branch="false" hits="0" number="1"/><line branch="false" hits="0" number="1"/><line branch="false" hits="0" number="1"/><line branch="false" hits="0" number="1"/><line branch="false" hits="0" number="1"/><line branch="false" hits="0" number="1"/><line branch="false" hits="0" number="1"/><line branch="false" hits="0" number="2"/><line branch="false" hits="0" number="2"/><line branch="false" hits="0" number="2"/><line branch="false" hits="1" number="6"/><line branch="false" hits="0" number="15"/><line branch="false" hits="0" number="19"/><line branch="false" hits="1" number="26"/><line branch="false" hits="0" number="27"/><line branch="false" hits="0" number="28"/><line branch="false" hits="0" number="29"/><line branch="false" hits="0" number="30"/><line branch="false" hits="0" number="31"/><line branch="false" hits="0" number="32"/><line branch="false" hits="0" number="34"/><line branch="false" hits="0" number="35"/><line branch="false" hits="0" number="37"/><line branch="false" hits="0" number="44"/><line branch="false" hits="0" number="45"/><line branch="false" hits="0" number="50"/><line branch="false" hits="0" number="56"/><line branch="false" hits="0" number="57"/><line branch="false" hits="0" number="58"/><line branch="false" hits="0" number="59"/><line branch="false" hits="0" number="60"/><line branch="false" hits="0" number="65"/><line branch="false" hits="0" number="66"/><line branch="false" hits="0" number="67"/><line branch="false" hits="0" number="68"/><line branch="false" hits="0" number="69"/><line branch="false" hits="0" number="75"/><line branch="false" hits="0" number="79"/><line branch="false" hits="0" number="83"/></lines></class><class name="ExVote.Participations" filename="lib/ex_vote/participations/participations.ex" line-rate="0" branch-rate="0" complexity="1"><methods><method name="__info__" signature="" line-rate="0" branch-rate="0"/><method name="add_candidate_vote" signature="" line-rate="0" branch-rate="0"/><method name="add_candidate_vote" signature="" line-rate="0" branch-rate="0"/><method name="cast_participation" signature="" line-rate="0" branch-rate="0"/><method name="create_participation" signature="" line-rate="0" branch-rate="0"/><method name="create_participation_tickets" signature="" line-rate="0" branch-rate="0"/><method name="create_typed_participation" signature="" line-rate="0" branch-rate="0"/><method name="delete_candidate_vote" signature="" line-rate="0" branch-rate="0"/><method name="delete_participation_tickets" signature="" line-rate="0" branch-rate="0"/><method name="do_update" signature="" line-rate="0" branch-rate="0"/><method name="get_candidate_votes" signature="" line-rate="0" branch-rate="0"/><method name="get_participation" signature="" line-rate="0" branch-rate="0"/><method name="get_participation" signature="" line-rate="0" branch-rate="0"/><method name="get_participations" signature="" line-rate="0" branch-rate="0"/><method name="get_participations" signature="" line-rate="0" branch-rate="0"/><method name="get_votes" signature="" line-rate="0" branch-rate="0"/><method name="update_participation" signature="" line-rate="0" branch-rate="0"/><method name="update_participation" signature="" line-rate="0" branch-rate="0"/><method name="update_vote" signature="" line-rate="0" branch-rate="0"/><method name="update_votes" signature="" line-rate="0" branch-rate="0"/></methods><lines><line branch="false" hits="0" number="13"/><line branch="false" hits="0" number="14"/><line branch="false" hits="0" number="19"/><line branch="false" hits="0" number="20"/><line branch="false" hits="0" number="23"/><line branch="false" hits="0" number="27"/><line branch="false" hits="0" number="30"/><line branch="false" hits="0" number="31"/><line branch="false" hits="0" number="34"/><line branch="false" hits="0" number="35"/><line branch="false" hits="0" number="38"/><line branch="false" hits="0" number="41"/><line branch="false" hits="0" number="42"/><line branch="false" hits="0" number="50"/><line branch="false" hits="0" number="56"/><line branch="false" hits="0" number="64"/><line branch="false" hits="0" number="70"/><line branch="false" hits="0" number="76"/><line branch="false" hits="0" number="83"/><line branch="false" hits="0" number="87"/><line branch="false" hits="0" number="88"/><line branch="false" hits="0" number="90"/><line branch="false" hits="0" number="95"/><line branch="false" hits="0" number="96"/><line branch="false" hits="0" number="97"/><line branch="false" hits="0" number="103"/><line branch="false" hits="0" number="104"/><line branch="false" hits="0" number="106"/><line branch="false" hits="0" number="110"/><line branch="false" hits="0" number="112"/><line branch="false" hits="0" number="114"/><line branch="false" hits="0" number="116"/><line branch="false" hits="0" number="117"/><line branch="false" hits="0" number="119"/><line branch="false" hits="0" number="120"/><line branch="false" hits="0" number="121"/><line branch="false" hits="0" number="122"/><line branch="false" hits="0" number="128"/><line branch="false" hits="0" number="133"/><line branch="false" hits="0" number="136"/><line branch="false" hits="0" number="140"/><line branch="false" hits="0" number="141"/><line branch="false" hits="0" number="143"/><line branch="false" hits="0" number="144"/><line branch="false" hits="0" number="147"/><line branch="false" hits="0" number="152"/><line branch="false" hits="0" number="157"/><line branch="false" hits="0" number="161"/><line branch="false" hits="0" number="168"/><line branch="false" hits="0" number="175"/><line branch="false" hits="0" number="178"/><line branch="false" hits="0" number="181"/><line branch="false" hits="0" number="184"/><line branch="false" hits="0" number="190"/><line branch="false" hits="0" number="193"/><line branch="false" hits="0" number="195"/><line branch="false" hits="0" number="198"/><line branch="false" hits="0" number="201"/><line branch="false" hits="0" number="206"/><line branch="false" hits="0" number="212"/><line branch="false" hits="0" number="216"/></lines></class><class name="ExVote.Projects.Reporting" filename="lib/ex_vote/projects/reporting/reporting.ex" line-rate="0" branch-rate="0" complexity="1"><methods><method name="__info__" signature="" line-rate="0" branch-rate="0"/><method name="accumulate_votes" signature="" line-rate="0" branch-rate="0"/><method name="compare_votes" signature="" line-rate="0" branch-rate="0"/><method name="format_votes" signature="" line-rate="0" branch-rate="0"/><method name="generate_report" signature="" line-rate="0" branch-rate="0"/><method name="participation_type" signature="" line-rate="0" branch-rate="0"/><method name="populate_participations" signature="" line-rate="0" branch-rate="0"/><method name="populate_schedule" signature="" line-rate="0" branch-rate="0"/><method name="populate_votes" signature="" line-rate="0" branch-rate="0"/><method name="vote_container" signature="" line-rate="0" branch-rate="0"/><method name="voted?" signature="" line-rate="0" branch-rate="0"/></methods><lines><line branch="false" hits="0" number="11"/><line branch="false" hits="0" number="14"/><line branch="false" hits="0" number="15"/><line branch="false" hits="0" number="17"/><line branch="false" hits="0" number="22"/><line branch="false" hits="0" number="34"/><line branch="false" hits="0" number="36"/><line branch="false" hits="0" number="43"/><line branch="false" hits="0" number="47"/><line branch="false" hits="0" number="54"/><line branch="false" hits="0" number="64"/><line branch="false" hits="0" number="72"/><line branch="false" hits="0" number="74"/><line branch="false" hits="0" number="77"/><line branch="false" hits="0" number="79"/><line branch="false" hits="0" number="82"/><line branch="false" hits="0" number="84"/><line branch="false" hits="0" number="86"/><line branch="false" hits="0" number="90"/><line branch="false" hits="0" number="91"/><line branch="false" hits="0" number="92"/><line branch="false" hits="0" number="96"/><line branch="false" hits="0" number="99"/><line branch="false" hits="0" number="101"/><line branch="false" hits="0" number="104"/><line branch="false" hits="0" number="106"/><line branch="false" hits="0" number="108"/><line branch="false" hits="0" number="113"/><line branch="false" hits="0" number="119"/><line branch="false" hits="0" number="120"/><line branch="false" hits="0" number="123"/><line branch="false" hits="0" number="127"/><line branch="false" hits="0" number="131"/><line branch="false" hits="0" number="134"/><line branch="false" hits="0" number="141"/></lines></class><class name="ExVote.Phases" filename="lib/ex_vote/phases/phases.ex" line-rate="0" branch-rate="0" complexity="1"><methods><method name="__info__" signature="" line-rate="0" branch-rate="0"/><method name="start_phase_server" signature="" line-rate="0" branch-rate="0"/></methods><lines><line branch="false" hits="0" number="8"/><line branch="false" hits="0" number="9"/></lines></class><class name="ExVote.Projects.Reporting.Report" filename="lib/ex_vote/projects/reporting/report.ex" line-rate="0" branch-rate="0" complexity="1"><methods><method name="__info__" signature="" line-rate="0" branch-rate="0"/><method name="__struct__" signature="" line-rate="0" branch-rate="0"/><method name="__struct__" signature="" line-rate="0" branch-rate="0"/></methods><lines><line branch="false" hits="0" number="2"/><line branch="false" hits="0" number="2"/></lines></class><class name="ExVoteWeb.LayoutView" filename="lib/ex_vote_web/views/layout_view.ex" line-rate="0" branch-rate="0" complexity="1"><methods><method name="__info__" signature="" line-rate="0" branch-rate="0"/><method name="__phoenix_recompile__?" signature="" line-rate="0" branch-rate="0"/><method name="__resource__" signature="" line-rate="0" branch-rate="0"/><method name="__templates__" signature="" line-rate="0" branch-rate="0"/><method name="render" signature="" line-rate="0" branch-rate="0"/><method name="render" signature="" line-rate="0" branch-rate="0"/><method name="render_template" signature="" line-rate="0" branch-rate="0"/><method name="template_not_found" signature="" line-rate="0" branch-rate="0"/></methods><lines><line branch="false" hits="0" number="1"/><line branch="false" hits="0" number="1"/><line branch="false" hits="1" number="1"/><line branch="false" hits="0" number="1"/><line branch="false" hits="0" number="1"/><line branch="false" hits="1" number="1"/><line branch="false" hits="0" number="2"/><line branch="false" hits="0" number="2"/><line branch="false" hits="0" number="2"/><line branch="false" hits="0" number="2"/><line branch="false" hits="0" number="2"/></lines></class><class name="ExVoteWeb.ErrorView" filename="lib/ex_vote_web/views/error_view.ex" line-rate="0" branch-rate="0" complexity="1"><methods><method name="__info__" signature="" line-rate="0" branch-rate="0"/><method name="__phoenix_recompile__?" signature="" line-rate="0" branch-rate="0"/><method name="__resource__" signature="" line-rate="0" branch-rate="0"/><method name="__templates__" signature="" line-rate="0" branch-rate="0"/><method name="render" signature="" line-rate="0" branch-rate="0"/><method name="render" signature="" line-rate="0" branch-rate="0"/><method name="render_template" signature="" line-rate="0" branch-rate="0"/><method name="template_not_found" signature="" line-rate="0" branch-rate="0"/></methods><lines><line branch="false" hits="0" number="1"/><line branch="false" hits="2" number="1"/><line branch="false" hits="2" number="1"/><line branch="false" hits="0" number="1"/><line branch="false" hits="0" number="1"/><line branch="false" hits="0" number="2"/><line branch="false" hits="0" number="2"/><line branch="false" hits="0" number="2"/><line branch="false" hits="0" number="2"/><line branch="false" hits="2" number="14"/></lines></class><class name="ExVoteWeb.ProjectView" filename="lib/ex_vote_web/views/project_view.ex" line-rate="0" branch-rate="0" complexity="1"><methods><method name="__info__" signature="" line-rate="0" branch-rate="0"/><method name="__phoenix_recompile__?" signature="" line-rate="0" branch-rate="0"/><method name="__resource__" signature="" line-rate="0" branch-rate="0"/><method name="__templates__" signature="" line-rate="0" branch-rate="0"/><method name="changeset_add_candidate_vote" signature="" line-rate="0" branch-rate="0"/><method name="changeset_add_user_vote" signature="" line-rate="0" branch-rate="0"/><method name="changeset_create_candidate" signature="" line-rate="0" branch-rate="0"/><method name="changeset_create_user" signature="" line-rate="0" branch-rate="0"/><method name="format_date" signature="" line-rate="0" branch-rate="0"/><method name="get_candidate_votes" signature="" line-rate="0" branch-rate="0"/><method name="get_candidates" signature="" line-rate="0" branch-rate="0"/><method name="phase_name" signature="" line-rate="0" branch-rate="0"/><method name="project_user_has_voted?" signature="" line-rate="0" branch-rate="0"/><method name="render" signature="" line-rate="0" branch-rate="0"/><method name="render" signature="" line-rate="0" branch-rate="0"/><method name="render_template" signature="" line-rate="0" branch-rate="0"/><method name="template_not_found" signature="" line-rate="0" branch-rate="0"/><method name="time_to_next_phase" signature="" line-rate="0" branch-rate="0"/></methods><lines><line branch="false" hits="0" number="1"/><line branch="false" hits="0" number="1"/><line branch="false" hits="0" number="1"/><line branch="false" hits="1" number="1"/><line branch="false" hits="0" number="1"/><line branch="false" hits="0" number="1"/><line branch="false" hits="0" number="1"/><line branch="false" hits="0" number="1"/><line branch="false" hits="0" number="1"/><line branch="false" hits="0" number="1"/><line branch="false" hits="0" number="1"/><line branch="false" hits="1" number="1"/><line branch="false" hits="0" number="1"/><line branch="false" hits="0" number="1"/><line branch="false" hits="0" number="1"/><line branch="false" hits="0" number="2"/><line branch="false" hits="0" number="2"/><line branch="false" hits="0" number="2"/><line branch="false" hits="0" number="2"/><line branch="false" hits="0" number="2"/><line branch="false" hits="0" number="9"/><line branch="false" hits="0" number="10"/><line branch="false" hits="0" number="12"/><line branch="false" hits="0" number="16"/><line branch="false" hits="0" number="17"/><line branch="false" hits="0" number="19"/><line branch="false" hits="0" number="25"/><line branch="false" hits="0" number="29"/><line branch="false" hits="0" number="31"/><line branch="false" hits="0" number="32"/><line branch="false" hits="0" number="43"/><line branch="false" hits="0" number="47"/><line branch="false" hits="0" number="51"/><line branch="false" hits="0" number="55"/><line branch="false" hits="0" number="59"/><line branch="false" hits="0" number="63"/><line branch="false" hits="0" number="67"/><line branch="false" hits="0" number="69"/><line branch="false" hits="0" number="71"/></lines></class><class name="ExVoteWeb.UserController" filename="lib/ex_vote_web/controllers/user_controller.ex" line-rate="0" branch-rate="0" complexity="1"><methods><method name="__info__" signature="" line-rate="0" branch-rate="0"/><method name="action" signature="" line-rate="0" branch-rate="0"/><method name="action (overridable 2)" signature="" line-rate="0" branch-rate="0"/><method name="call" signature="" line-rate="0" branch-rate="0"/><method name="init" signature="" line-rate="0" branch-rate="0"/><method name="login" signature="" line-rate="0" branch-rate="0"/><method name="logout" signature="" line-rate="0" branch-rate="0"/><method name="phoenix_controller_pipeline" signature="" line-rate="0" branch-rate="0"/></methods><lines><line branch="false" hits="0" number="1"/><line branch="false" hits="0" number="1"/><line branch="false" hits="0" number="2"/><line branch="false" hits="0" number="2"/><line branch="false" hits="0" number="2"/><line branch="false" hits="0" number="8"/><line branch="false" hits="0" number="12"/><line branch="false" hits="0" number="16"/><line branch="false" hits="0" number="21"/><line branch="false" hits="0" number="25"/><line branch="false" hits="0" number="33"/></lines></class><class name="ExVote.Application" filename="lib/ex_vote/application.ex" line-rate="0" branch-rate="0" complexity="1"><methods><method name="__info__" signature="" line-rate="0" branch-rate="0"/><method name="config_change" signature="" line-rate="0" branch-rate="0"/><method name="start" signature="" line-rate="0" branch-rate="0"/></methods><lines><line branch="false" hits="1" number="9"/><line branch="false" hits="1" number="22"/><line branch="false" hits="1" number="23"/><line branch="false" hits="0" number="29"/></lines></class><class name="ExVote.Repo" filename="lib/ex_vote/repo.ex" line-rate="0" branch-rate="0" complexity="1"><methods><method name="__adapter__" signature="" line-rate="0" branch-rate="0"/><method name="__info__" signature="" line-rate="0" branch-rate="0"/><method name="__log__" signature="" line-rate="0" branch-rate="0"/><method name="__sql__" signature="" line-rate="0" branch-rate="0"/><method name="aggregate" signature="" line-rate="0" branch-rate="0"/><method name="aggregate" signature="" line-rate="0" branch-rate="0"/><method name="all" signature="" line-rate="0" branch-rate="0"/><method name="all" signature="" line-rate="0" branch-rate="0"/><method name="child_spec" signature="" line-rate="0" branch-rate="0"/><method name="config" signature="" line-rate="0" branch-rate="0"/><method name="delete" signature="" line-rate="0" branch-rate="0"/><method name="delete" signature="" line-rate="0" branch-rate="0"/><method name="delete!" signature="" line-rate="0" branch-rate="0"/><method name="delete!" signature="" line-rate="0" branch-rate="0"/><method name="delete_all" signature="" line-rate="0" branch-rate="0"/><method name="delete_all" signature="" line-rate="0" branch-rate="0"/><method name="get" signature="" line-rate="0" branch-rate="0"/><method name="get" signature="" line-rate="0" branch-rate="0"/><method name="get!" signature="" line-rate="0" branch-rate="0"/><method name="get!" signature="" line-rate="0" branch-rate="0"/><method name="get_by" signature="" line-rate="0" branch-rate="0"/><method name="get_by" signature="" line-rate="0" branch-rate="0"/><method name="get_by!" signature="" line-rate="0" branch-rate="0"/><method name="get_by!" signature="" line-rate="0" branch-rate="0"/><method name="in_transaction?" signature="" line-rate="0" branch-rate="0"/><method name="init" signature="" line-rate="0" branch-rate="0"/><method name="insert" signature="" line-rate="0" branch-rate="0"/><method name="insert" signature="" line-rate="0" branch-rate="0"/><method name="insert!" signature="" line-rate="0" branch-rate="0"/><method name="insert!" signature="" line-rate="0" branch-rate="0"/><method name="insert_all" signature="" line-rate="0" branch-rate="0"/><method name="insert_all" signature="" line-rate="0" branch-rate="0"/><method name="insert_or_update" signature="" line-rate="0" branch-rate="0"/><method name="insert_or_update" signature="" line-rate="0" branch-rate="0"/><method name="insert_or_update!" signature="" line-rate="0" branch-rate="0"/><method name="insert_or_update!" signature="" line-rate="0" branch-rate="0"/><method name="load" signature="" line-rate="0" branch-rate="0"/><method name="one" signature="" line-rate="0" branch-rate="0"/><method name="one" signature="" line-rate="0" branch-rate="0"/><method name="one!" signature="" line-rate="0" branch-rate="0"/><method name="one!" signature="" line-rate="0" branch-rate="0"/><method name="preload" signature="" line-rate="0" branch-rate="0"/><method name="preload" signature="" line-rate="0" branch-rate="0"/><method name="query" signature="" line-rate="0" branch-rate="0"/><method name="query" signature="" line-rate="0" branch-rate="0"/><method name="query" signature="" line-rate="0" branch-rate="0"/><method name="query!" signature="" line-rate="0" branch-rate="0"/><method name="query!" signature="" line-rate="0" branch-rate="0"/><method name="query!" signature="" line-rate="0" branch-rate="0"/><method name="rollback" signature="" line-rate="0" branch-rate="0"/><method name="start_link" signature="" line-rate="0" branch-rate="0"/><method name="start_link" signature="" line-rate="0" branch-rate="0"/><method name="stop" signature="" line-rate="0" branch-rate="0"/><method name="stop" signature="" line-rate="0" branch-rate="0"/><method name="stream" signature="" line-rate="0" branch-rate="0"/><method name="stream" signature="" line-rate="0" branch-rate="0"/><method name="to_sql" signature="" line-rate="0" branch-rate="0"/><method name="transaction" signature="" line-rate="0" branch-rate="0"/><method name="transaction" signature="" line-rate="0" branch-rate="0"/><method name="update" signature="" line-rate="0" branch-rate="0"/><method name="update" signature="" line-rate="0" branch-rate="0"/><method name="update!" signature="" line-rate="0" branch-rate="0"/><method name="update!" signature="" line-rate="0" branch-rate="0"/><method name="update_all" signature="" line-rate="0" branch-rate="0"/><method name="update_all" signature="" line-rate="0" branch-rate="0"/></methods><lines><line branch="false" hits="0" number="1"/><line branch="false" hits="0" number="1"/><line branch="false" hits="0" number="1"/><line branch="false" hits="0" number="1"/><line branch="false" hits="0" number="1"/><line branch="false" hits="0" number="1"/><line branch="false" hits="0" number="1"/><line branch="false" hits="0" number="2"/><line branch="false" hits="3" number="2"/><line branch="false" hits="0" number="2"/><line branch="false" hits="0" number="2"/><line branch="false" hits="0" number="2"/><line branch="false" hits="0" number="2"/><line branch="false" hits="0" number="2"/><line branch="false" hits="0" number="2"/><line branch="false" hits="0" number="2"/><line branch="false" hits="17" number="2"/><line branch="false" hits="0" number="2"/><line branch="false" hits="0" number="2"/><line branch="false" hits="0" number="2"/><line branch="false" hits="0" number="2"/><line branch="false" hits="0" number="2"/><line branch="false" hits="0" number="2"/><line branch="false" hits="0" number="2"/><line branch="false" hits="0" number="2"/><line branch="false" hits="0" number="2"/><line branch="false" hits="0" number="2"/><line branch="false" hits="0" number="2"/><line branch="false" hits="0" number="2"/><line branch="false" hits="1" number="2"/><line branch="false" hits="0" number="2"/><line branch="false" hits="0" number="2"/><line branch="false" hits="0" number="2"/><line branch="false" hits="0" number="2"/><line branch="false" hits="1" number="2"/><line branch="false" hits="17" number="2"/><line branch="false" hits="0" number="2"/><line branch="false" hits="0" number="2"/><line branch="false" hits="0" number="2"/><line branch="false" hits="0" number="2"/><line branch="false" hits="0" number="2"/><line branch="false" hits="0" number="2"/><line branch="false" hits="0" number="2"/><line branch="false" hits="0" number="2"/><line branch="false" hits="0" number="2"/><line branch="false" hits="0" number="2"/><line branch="false" hits="0" number="2"/><line branch="false" hits="0" number="2"/><line branch="false" hits="0" number="2"/><line branch="false" hits="3" number="2"/><line branch="false" hits="1" number="2"/><line branch="false" hits="0" number="2"/><line branch="false" hits="0" number="2"/><line branch="false" hits="0" number="2"/><line branch="false" hits="1" number="2"/><line branch="false" hits="0" number="2"/><line branch="false" hits="0" number="2"/><line branch="false" hits="0" number="2"/><line branch="false" hits="0" number="2"/><line branch="false" hits="0" number="2"/></lines></class><class name="ExVoteWeb.Api.ProjectView" filename="lib/ex_vote_web/views/api/project_view.ex" line-rate="0" branch-rate="0" complexity="1"><methods><method name="__info__" signature="" line-rate="0" branch-rate="0"/><method name="__phoenix_recompile__?" signature="" line-rate="0" branch-rate="0"/><method name="__resource__" signature="" line-rate="0" branch-rate="0"/><method name="__templates__" signature="" line-rate="0" branch-rate="0"/><method name="render" signature="" line-rate="0" branch-rate="0"/><method name="render" signature="" line-rate="0" branch-rate="0"/><method name="render_template" signature="" line-rate="0" branch-rate="0"/><method name="short_project_json" signature="" line-rate="0" branch-rate="0"/><method name="template_not_found" signature="" line-rate="0" branch-rate="0"/><method name="ticket_json" signature="" line-rate="0" branch-rate="0"/><method name="user_json" signature="" line-rate="0" branch-rate="0"/></methods><lines><line branch="false" hits="0" number="1"/><line branch="false" hits="0" number="1"/><line branch="false" hits="0" number="1"/><line branch="false" hits="0" number="1"/><line branch="false" hits="0" number="1"/><line branch="false" hits="0" number="2"/><line branch="false" hits="0" number="2"/><line branch="false" hits="0" number="2"/><line branch="false" hits="0" number="2"/><line branch="false" hits="0" number="2"/><line branch="false" hits="0" number="4"/><line branch="false" hits="0" number="7"/><line branch="false" hits="0" number="11"/><line branch="false" hits="0" number="12"/><line branch="false" hits="0" number="13"/><line branch="false" hits="0" number="14"/><line branch="false" hits="0" number="15"/><line branch="false" hits="0" number="16"/><line branch="false" hits="0" number="21"/><line branch="false" hits="0" number="23"/><line branch="false" hits="0" number="26"/><line branch="false" hits="0" number="29"/><line branch="false" hits="0" number="35"/><line branch="false" hits="0" number="38"/><line branch="false" hits="0" number="41"/><line branch="false" hits="0" number="47"/><line branch="false" hits="0" number="51"/><line branch="false" hits="0" number="55"/><line branch="false" hits="0" number="59"/><line branch="false" hits="0" number="60"/><line branch="false" hits="0" number="61"/><line branch="false" hits="0" number="62"/><line branch="false" hits="0" number="67"/><line branch="false" hits="0" number="68"/><line branch="false" hits="0" number="69"/><line branch="false" hits="0" number="70"/><line branch="false" hits="0" number="71"/><line branch="false" hits="0" number="72"/><line branch="false" hits="0" number="77"/><line branch="false" hits="0" number="78"/><line branch="false" hits="0" number="79"/></lines></class><class name="ExVote.Projects.Project" filename="lib/ex_vote/projects/project.ex" line-rate="0" branch-rate="0" complexity="1"><methods><method name="__changeset__" signature="" line-rate="0" branch-rate="0"/><method name="__info__" signature="" line-rate="0" branch-rate="0"/><method name="__schema__" signature="" line-rate="0" branch-rate="0"/><method name="__schema__" signature="" line-rate="0" branch-rate="0"/><method name="__struct__" signature="" line-rate="0" branch-rate="0"/><method name="__struct__" signature="" line-rate="0" branch-rate="0"/><method name="changeset_create" signature="" line-rate="0" branch-rate="0"/><method name="compute_phase" signature="" line-rate="0" branch-rate="0"/><method name="compute_phase" signature="" line-rate="0" branch-rate="0"/><method name="next_phase_at" signature="" line-rate="0" branch-rate="0"/><method name="time_to_next_phase" signature="" line-rate="0" branch-rate="0"/></methods><lines><line branch="false" hits="12" number="11"/><line branch="false" hits="2" number="11"/><line branch="false" hits="0" number="11"/><line branch="false" hits="0" number="11"/><line branch="false" hits="2" number="11"/><line branch="false" hits="0" number="11"/><line branch="false" hits="0" number="11"/><line branch="false" hits="0" number="11"/><line branch="false" hits="9" number="11"/><line branch="false" hits="9" number="30"/><line branch="false" hits="0" number="33"/><line branch="false" hits="0" number="37"/><line branch="false" hits="0" number="39"/><line branch="false" hits="0" number="41"/><line branch="false" hits="0" number="47"/><line branch="false" hits="0" number="53"/><line branch="false" hits="0" number="54"/><line branch="false" hits="0" number="60"/><line branch="false" hits="0" number="61"/><line branch="false" hits="0" number="67"/><line branch="false" hits="0" number="68"/></lines></class><class name="ExVote.Participations.Participation" filename="lib/ex_vote/participations/participation.ex" line-rate="0" branch-rate="0" complexity="1"><methods><method name="__changeset__" signature="" line-rate="0" branch-rate="0"/><method name="__info__" signature="" line-rate="0" branch-rate="0"/><method name="__schema__" signature="" line-rate="0" branch-rate="0"/><method name="__schema__" signature="" line-rate="0" branch-rate="0"/><method name="__struct__" signature="" line-rate="0" branch-rate="0"/><method name="__struct__" signature="" line-rate="0" branch-rate="0"/><method name="changeset_create" signature="" line-rate="0" branch-rate="0"/><method name="validate_role" signature="" line-rate="0" branch-rate="0"/></methods><lines><line branch="false" hits="0" number="12"/><line branch="false" hits="0" number="12"/><line branch="false" hits="0" number="12"/><line branch="false" hits="0" number="12"/><line branch="false" hits="0" number="12"/><line branch="false" hits="0" number="12"/><line branch="false" hits="0" number="12"/><line branch="false" hits="0" number="12"/><line branch="false" hits="0" number="12"/><line branch="false" hits="0" number="12"/><line branch="false" hits="0" number="12"/><line branch="false" hits="0" number="26"/><line branch="false" hits="0" number="30"/><line branch="false" hits="0" number="31"/></lines></class><class name="ExVoteWeb.Plugs.UserPlugs" filename="lib/ex_vote_web/plugs/user_plugs.ex" line-rate="0" branch-rate="0" complexity="1"><methods><method name="__info__" signature="" line-rate="0" branch-rate="0"/><method name="ensure_token" signature="" line-rate="0" branch-rate="0"/><method name="extract_token" signature="" line-rate="0" branch-rate="0"/><method name="fetch_user" signature="" line-rate="0" branch-rate="0"/><method name="reject_token" signature="" line-rate="0" branch-rate="0"/></methods><lines><line branch="false" hits="1" number="6"/><line branch="false" hits="0" number="7"/><line branch="false" hits="1" number="8"/><line branch="false" hits="0" number="13"/><line branch="false" hits="0" number="14"/><line branch="false" hits="0" number="15"/><line branch="false" hits="0" number="16"/><line branch="false" hits="0" number="17"/><line branch="false" hits="0" number="19"/><line branch="false" hits="0" number="22"/><line branch="false" hits="0" number="23"/><line branch="false" hits="0" number="24"/><line branch="false" hits="0" number="29"/><line branch="false" hits="0" number="39"/></lines></class><class name="ExVote.Participations.ParticipationTicket" filename="lib/ex_vote/participations/participation_ticket.ex" line-rate="0" branch-rate="0" complexity="1"><methods><method name="__changeset__" signature="" line-rate="0" branch-rate="0"/><method name="__info__" signature="" line-rate="0" branch-rate="0"/><method name="__schema__" signature="" line-rate="0" branch-rate="0"/><method name="__schema__" signature="" line-rate="0" branch-rate="0"/><method name="__struct__" signature="" line-rate="0" branch-rate="0"/><method name="__struct__" signature="" line-rate="0" branch-rate="0"/><method name="changeset_create" signature="" line-rate="0" branch-rate="0"/></methods><lines><line branch="false" hits="0" number="9"/><line branch="false" hits="0" number="9"/><line branch="false" hits="0" number="9"/><line branch="false" hits="0" number="9"/><line branch="false" hits="0" number="9"/><line branch="false" hits="0" number="9"/><line branch="false" hits="0" number="9"/><line branch="false" hits="0" number="9"/><line branch="false" hits="0" number="9"/><line branch="false" hits="0" number="21"/></lines></class><class name="ExVoteWeb.Tokens" filename="lib/ex_vote_web/tokens.ex" line-rate="0" branch-rate="0" complexity="1"><methods><method name="__info__" signature="" line-rate="0" branch-rate="0"/><method name="sign" signature="" line-rate="0" branch-rate="0"/><method name="verify" signature="" line-rate="0" branch-rate="0"/></methods><lines><line branch="false" hits="0" number="7"/><line branch="false" hits="0" number="11"/></lines></class><class name="ExVote.Seeder" filename="lib/ex_vote/seeder.ex" line-rate="0" branch-rate="0" complexity="1"><methods><method name="__info__" signature="" line-rate="0" branch-rate="0"/><method name="add_users_as_candidates_to_projects" signature="" line-rate="0" branch-rate="0"/><method name="add_users_as_users_to_projects" signature="" line-rate="0" branch-rate="0"/><method name="create_project" signature="" line-rate="0" branch-rate="0"/><method name="create_proposal_projects" signature="" line-rate="0" branch-rate="0"/><method name="create_user" signature="" line-rate="0" branch-rate="0"/><method name="create_user" signature="" line-rate="0" branch-rate="0"/><method name="phases" signature="" line-rate="0" branch-rate="0"/><method name="proposal_tickets" signature="" line-rate="0" branch-rate="0"/><method name="proposals" signature="" line-rate="0" branch-rate="0"/><method name="ticket" signature="" line-rate="0" branch-rate="0"/></methods><lines><line branch="false" hits="0" number="152"/><line branch="false" hits="0" number="153"/><line branch="false" hits="0" number="154"/><line branch="false" hits="0" number="156"/><line branch="false" hits="0" number="163"/><line branch="false" hits="0" number="164"/><line branch="false" hits="0" number="168"/><line branch="false" hits="0" number="172"/><line branch="false" hits="0" number="176"/><line branch="false" hits="0" number="177"/><line branch="false" hits="0" number="178"/><line branch="false" hits="0" number="183"/><line branch="false" hits="0" number="184"/><line branch="false" hits="0" number="190"/><line branch="false" hits="0" number="191"/><line branch="false" hits="0" number="197"/><line branch="false" hits="0" number="198"/><line branch="false" hits="0" number="199"/><line branch="false" hits="0" number="200"/><line branch="false" hits="0" number="201"/><line branch="false" hits="0" number="202"/><line branch="false" hits="0" number="203"/><line branch="false" hits="0" number="210"/><line branch="false" hits="0" number="211"/><line branch="false" hits="0" number="212"/><line branch="false" hits="0" number="219"/><line branch="false" hits="0" number="220"/><line branch="false" hits="0" number="228"/><line branch="false" hits="0" number="235"/><line branch="false" hits="0" number="236"/><line branch="false" hits="0" number="237"/><line branch="false" hits="0" number="238"/><line branch="false" hits="0" number="245"/></lines></class><class name="ExVoteWeb.ConnCase" filename="test/support/conn_case.ex" line-rate="0" branch-rate="0" complexity="1"><methods><method name="MACRO-__using__" signature="" line-rate="0" branch-rate="0"/><method name="__ex_unit__" signature="" line-rate="0" branch-rate="0"/><method name="__ex_unit_setup_0" signature="" line-rate="0" branch-rate="0"/><method name="__info__" signature="" line-rate="0" branch-rate="0"/></methods><lines><line branch="false" hits="3" number="1"/><line branch="false" hits="2" number="1"/><line branch="false" hits="4" number="18"/><line branch="false" hits="3" number="31"/><line branch="false" hits="3" number="32"/><line branch="false" hits="1" number="33"/></lines></class><class name="ExVoteWeb.Api.ProjectParticipationController" filename="lib/ex_vote_web/controllers/api/project_participation_controller.ex" line-rate="0" branch-rate="0" complexity="1"><methods><method name="__info__" signature="" line-rate="0" branch-rate="0"/><method name="action" signature="" line-rate="0" branch-rate="0"/><method name="action (overridable 2)" signature="" line-rate="0" branch-rate="0"/><method name="call" signature="" line-rate="0" branch-rate="0"/><method name="create_current_participation" signature="" line-rate="0" branch-rate="0"/><method name="init" signature="" line-rate="0" branch-rate="0"/><method name="list_candidates" signature="" line-rate="0" branch-rate="0"/><method name="list_participations" signature="" line-rate="0" branch-rate="0"/><method name="list_users" signature="" line-rate="0" branch-rate="0"/><method name="list_votes" signature="" line-rate="0" branch-rate="0"/><method name="phoenix_controller_pipeline" signature="" line-rate="0" branch-rate="0"/><method name="render_participations" signature="" line-rate="0" branch-rate="0"/><method name="render_votes" signature="" line-rate="0" branch-rate="0"/><method name="show_current_participation" signature="" line-rate="0" branch-rate="0"/><method name="swagger_definitions" signature="" line-rate="0" branch-rate="0"/><method name="swagger_path_create_current_participation" signature="" line-rate="0" branch-rate="0"/><method name="swagger_path_list_candidates" signature="" line-rate="0" branch-rate="0"/><method name="swagger_path_list_participations" signature="" line-rate="0" branch-rate="0"/><method name="swagger_path_list_users" signature="" line-rate="0" branch-rate="0"/><method name="swagger_path_list_votes" signature="" line-rate="0" branch-rate="0"/><method name="swagger_path_show_current_participation" signature="" line-rate="0" branch-rate="0"/><method name="swagger_path_update_current_participation" signature="" line-rate="0" branch-rate="0"/><method name="swagger_path_update_votes" signature="" line-rate="0" branch-rate="0"/><method name="update_current_participation" signature="" line-rate="0" branch-rate="0"/><method name="update_votes" signature="" line-rate="0" branch-rate="0"/></methods><lines><line branch="false" hits="0" number="1"/><line branch="false" hits="0" number="1"/><line branch="false" hits="0" number="2"/><line branch="false" hits="0" number="2"/><line branch="false" hits="0" number="2"/><line branch="false" hits="0" number="18"/><line branch="false" hits="0" number="31"/><line branch="false" hits="0" number="33"/><line branch="false" hits="0" number="36"/><line branch="false" hits="0" number="49"/><line branch="false" hits="0" number="51"/><line branch="false" hits="0" number="54"/><line branch="false" hits="0" number="67"/><line branch="false" hits="0" number="69"/><line branch="false" hits="0" number="75"/><line branch="false" hits="0" number="78"/><line branch="false" hits="0" number="91"/><line branch="false" hits="0" number="92"/><line branch="false" hits="0" number="94"/><line branch="false" hits="0" number="98"/><line branch="false" hits="0" number="112"/><line branch="false" hits="0" number="113"/><line branch="false" hits="0" number="117"/><line branch="false" hits="0" number="122"/><line branch="false" hits="0" number="126"/><line branch="false" hits="0" number="139"/><line branch="false" hits="0" number="140"/><line branch="false" hits="0" number="141"/><line branch="false" hits="0" number="144"/><line branch="false" hits="0" number="148"/><line branch="false" hits="0" number="152"/><line branch="false" hits="0" number="156"/><line branch="false" hits="0" number="171"/><line branch="false" hits="0" number="172"/><line branch="false" hits="0" number="175"/><line branch="false" hits="0" number="177"/><line branch="false" hits="0" number="181"/><line branch="false" hits="0" number="182"/><line branch="false" hits="0" number="184"/><line branch="false" hits="0" number="201"/><line branch="false" hits="0" number="202"/><line branch="false" hits="0" number="205"/><line branch="false" hits="0" number="208"/><line branch="false" hits="0" number="213"/><line branch="false" hits="0" number="218"/><line branch="false" hits="0" number="219"/><line branch="false" hits="0" number="226"/><line branch="false" hits="0" number="229"/><line branch="false" hits="0" number="235"/><line branch="false" hits="0" number="239"/><line branch="false" hits="0" number="246"/><line branch="false" hits="0" number="252"/><line branch="false" hits="0" number="258"/><line branch="false" hits="0" number="263"/><line branch="false" hits="0" number="266"/><line branch="false" hits="0" number="272"/><line branch="false" hits="0" number="277"/><line branch="false" hits="0" number="281"/><line branch="false" hits="0" number="286"/><line branch="false" hits="0" number="290"/><line branch="false" hits="0" number="293"/></lines></class><class name="ExVote.Projects.OpenreqFetcher" filename="lib/ex_vote/projects/openreq_fetcher.ex" line-rate="0" branch-rate="0" complexity="1"><methods><method name="__info__" signature="" line-rate="0" branch-rate="0"/><method name="candidate_participation" signature="" line-rate="0" branch-rate="0"/><method name="create_project" signature="" line-rate="0" branch-rate="0"/><method name="run" signature="" line-rate="0" branch-rate="0"/><method name="start_link" signature="" line-rate="0" branch-rate="0"/><method name="to_ticket" signature="" line-rate="0" branch-rate="0"/></methods><lines><line branch="false" hits="1" number="10"/><line branch="false" hits="1" number="14"/><line branch="false" hits="1" number="15"/><line branch="false" hits="1" number="17"/><line branch="false" hits="1" number="18"/><line branch="false" hits="1" number="19"/><line branch="false" hits="1" number="20"/><line branch="false" hits="1" number="21"/><line branch="false" hits="0" number="25"/><line branch="false" hits="1" number="29"/><line branch="false" hits="0" number="38"/><line branch="false" hits="0" number="39"/><line branch="false" hits="3" number="48"/></lines></class><class name="ExVoteWeb.Api.UserController" filename="lib/ex_vote_web/controllers/api/user_controller.ex" line-rate="0" branch-rate="0" complexity="1"><methods><method name="__info__" signature="" line-rate="0" branch-rate="0"/><method name="action" signature="" line-rate="0" branch-rate="0"/><method name="action (overridable 2)" signature="" line-rate="0" branch-rate="0"/><method name="call" signature="" line-rate="0" branch-rate="0"/><method name="init" signature="" line-rate="0" branch-rate="0"/><method name="login" signature="" line-rate="0" branch-rate="0"/><method name="phoenix_controller_pipeline" signature="" line-rate="0" branch-rate="0"/><method name="register" signature="" line-rate="0" branch-rate="0"/><method name="swagger_definitions" signature="" line-rate="0" branch-rate="0"/><method name="swagger_path_login" signature="" line-rate="0" branch-rate="0"/><method name="swagger_path_register" signature="" line-rate="0" branch-rate="0"/><method name="swagger_path_token_test" signature="" line-rate="0" branch-rate="0"/><method name="token_test" signature="" line-rate="0" branch-rate="0"/></methods><lines><line branch="false" hits="0" number="1"/><line branch="false" hits="0" number="1"/><line branch="false" hits="0" number="2"/><line branch="false" hits="0" number="2"/><line branch="false" hits="0" number="2"/><line branch="false" hits="0" number="7"/><line branch="false" hits="0" number="21"/><line branch="false" hits="0" number="23"/><line branch="false" hits="0" number="26"/><line branch="false" hits="0" number="31"/><line branch="false" hits="0" number="35"/><line branch="false" hits="0" number="44"/><line branch="false" hits="0" number="47"/><line branch="false" hits="0" number="60"/><line branch="false" hits="0" number="64"/><line branch="false" hits="0" number="70"/><line branch="false" hits="0" number="75"/><line branch="false" hits="0" number="76"/><line branch="false" hits="0" number="80"/><line branch="false" hits="0" number="83"/><line branch="false" hits="0" number="87"/><line branch="false" hits="0" number="90"/><line branch="false" hits="0" number="95"/></lines></class><class name="ExVote.Projects" filename="lib/ex_vote/projects/projects.ex" line-rate="0" branch-rate="0" complexity="1"><methods><method name="__info__" signature="" line-rate="0" branch-rate="0"/><method name="add_candidate" signature="" line-rate="0" branch-rate="0"/><method name="add_candidate" signature="" line-rate="0" branch-rate="0"/><method name="add_candidate" signature="" line-rate="0" branch-rate="0"/><method name="add_candidate_vote" signature="" line-rate="0" branch-rate="0"/><method name="add_candidate_vote" signature="" line-rate="0" branch-rate="0"/><method name="add_candidate_vote" signature="" line-rate="0" branch-rate="0"/><method name="add_user" signature="" line-rate="0" branch-rate="0"/><method name="add_user" signature="" line-rate="0" branch-rate="0"/><method name="add_user" signature="" line-rate="0" branch-rate="0"/><method name="add_user_vote" signature="" line-rate="0" branch-rate="0"/><method name="add_user_vote" signature="" line-rate="0" branch-rate="0"/><method name="add_user_vote" signature="" line-rate="0" branch-rate="0"/><method name="change_role_to_candidate" signature="" line-rate="0" branch-rate="0"/><method name="change_role_to_candidate" signature="" line-rate="0" branch-rate="0"/><method name="create_project" signature="" line-rate="0" branch-rate="0"/><method name="create_project" signature="" line-rate="0" branch-rate="0"/><method name="delete_candidate_vote" signature="" line-rate="0" branch-rate="0"/><method name="delete_project" signature="" line-rate="0" branch-rate="0"/><method name="get_project" signature="" line-rate="0" branch-rate="0"/><method name="get_project" signature="" line-rate="0" branch-rate="0"/><method name="list_projects" signature="" line-rate="0" branch-rate="0"/></methods><lines><line branch="false" hits="2" number="14"/><line branch="false" hits="0" number="17"/><line branch="false" hits="0" number="18"/><line branch="false" hits="0" number="21"/><line branch="false" hits="0" number="22"/><line branch="false" hits="0" number="27"/><line branch="false" hits="0" number="31"/><line branch="false" hits="0" number="32"/><line branch="false" hits="0" number="33"/><line branch="false" hits="0" number="35"/><line branch="false" hits="0" number="39"/><line branch="false" hits="9" number="40"/><line branch="false" hits="8" number="44"/><line branch="false" hits="0" number="46"/><line branch="false" hits="0" number="47"/><line branch="false" hits="8" number="51"/><line branch="false" hits="0" number="56"/><line branch="false" hits="0" number="61"/><line branch="false" hits="0" number="67"/><line branch="false" hits="0" number="70"/><line branch="false" hits="0" number="73"/><line branch="false" hits="0" number="77"/><line branch="false" hits="0" number="84"/><line branch="false" hits="0" number="87"/><line branch="false" hits="0" number="90"/><line branch="false" hits="0" number="95"/><line branch="false" hits="0" number="98"/><line branch="false" hits="0" number="101"/><line branch="false" hits="0" number="105"/><line branch="false" hits="0" number="107"/><line branch="false" hits="0" number="112"/><line branch="false" hits="0" number="115"/><line branch="false" hits="0" number="119"/><line branch="false" hits="0" number="123"/><line branch="false" hits="0" number="126"/><line branch="false" hits="0" number="127"/><line branch="false" hits="0" number="129"/><line branch="false" hits="0" number="130"/><line branch="false" hits="0" number="131"/></lines></class><class name="ExVote.Projects.PhaseServerLoader" filename="lib/ex_vote/projects/phase_server_loader.ex" line-rate="0" branch-rate="0" complexity="1"><methods><method name="__info__" signature="" line-rate="0" branch-rate="0"/><method name="run" signature="" line-rate="0" branch-rate="0"/><method name="start_link" signature="" line-rate="0" branch-rate="0"/></methods><lines><line branch="false" hits="1" number="5"/><line branch="false" hits="1" number="11"/></lines></class><class name="ExVoteWeb.ProjectController" filename="lib/ex_vote_web/controllers/project_controller.ex" line-rate="0" branch-rate="0" complexity="1"><methods><method name="__info__" signature="" line-rate="0" branch-rate="0"/><method name="action" signature="" line-rate="0" branch-rate="0"/><method name="action (overridable 2)" signature="" line-rate="0" branch-rate="0"/><method name="add_candidate" signature="" line-rate="0" branch-rate="0"/><method name="add_candidate_vote" signature="" line-rate="0" branch-rate="0"/><method name="add_user" signature="" line-rate="0" branch-rate="0"/><method name="add_user_vote" signature="" line-rate="0" branch-rate="0"/><method name="call" signature="" line-rate="0" branch-rate="0"/><method name="delete_candidate_vote" signature="" line-rate="0" branch-rate="0"/><method name="index" signature="" line-rate="0" branch-rate="0"/><method name="init" signature="" line-rate="0" branch-rate="0"/><method name="phoenix_controller_pipeline" signature="" line-rate="0" branch-rate="0"/><method name="view" signature="" line-rate="0" branch-rate="0"/></methods><lines><line branch="false" hits="1" number="1"/><line branch="false" hits="1" number="1"/><line branch="false" hits="1" number="2"/><line branch="false" hits="1" number="2"/><line branch="false" hits="1" number="2"/><line branch="false" hits="1" number="8"/><line branch="false" hits="1" number="12"/><line branch="false" hits="0" number="16"/><line branch="false" hits="0" number="18"/><line branch="false" hits="0" number="19"/><line branch="false" hits="0" number="20"/><line branch="false" hits="0" number="21"/><line branch="false" hits="0" number="26"/><line branch="false" hits="0" number="30"/><line branch="false" hits="0" number="34"/><line branch="false" hits="0" number="36"/><line branch="false" hits="0" number="38"/><line branch="false" hits="0" number="40"/><line branch="false" hits="0" number="45"/><line branch="false" hits="0" number="50"/><line branch="false" hits="0" number="54"/><line branch="false" hits="0" number="56"/><line branch="false" hits="0" number="58"/><line branch="false" hits="0" number="60"/><line branch="false" hits="0" number="65"/><line branch="false" hits="0" number="70"/><line branch="false" hits="0" number="74"/><line branch="false" hits="0" number="78"/><line branch="false" hits="0" number="83"/><line branch="false" hits="0" number="87"/><line branch="false" hits="0" number="91"/><line branch="false" hits="0" number="96"/><line branch="false" hits="0" number="99"/></lines></class><class name="ExVote.DataCase" filename="test/support/data_case.ex" line-rate="0" branch-rate="0" complexity="1"><methods><method name="MACRO-__using__" signature="" line-rate="0" branch-rate="0"/><method name="__ex_unit__" signature="" line-rate="0" branch-rate="0"/><method name="__ex_unit_setup_0" signature="" line-rate="0" branch-rate="0"/><method name="__info__" signature="" line-rate="0" branch-rate="0"/><method name="errors_on" signature="" line-rate="0" branch-rate="0"/></methods><lines><line branch="false" hits="2" number="1"/><line branch="false" hits="16" number="1"/><line branch="false" hits="2" number="17"/><line branch="false" hits="16" number="29"/><line branch="false" hits="16" number="31"/><line branch="false" hits="16" number="32"/><line branch="false" hits="0" number="47"/><line branch="false" hits="0" number="48"/><line branch="false" hits="0" number="49"/></lines></class><class name="ExVoteWeb.Endpoint" filename="lib/ex_vote_web/endpoint.ex" line-rate="0" branch-rate="0" complexity="1"><methods><method name="MACRO-instrument" signature="" line-rate="0" branch-rate="0"/><method name="MACRO-instrument" signature="" line-rate="0" branch-rate="0"/><method name="__info__" signature="" line-rate="0" branch-rate="0"/><method name="__pubsub_server__" signature="" line-rate="0" branch-rate="0"/><method name="__sockets__" signature="" line-rate="0" branch-rate="0"/><method name="broadcast" signature="" line-rate="0" branch-rate="0"/><method name="broadcast!" signature="" line-rate="0" branch-rate="0"/><method name="broadcast_from" signature="" line-rate="0" branch-rate="0"/><method name="broadcast_from!" signature="" line-rate="0" branch-rate="0"/><method name="call" signature="" line-rate="0" branch-rate="0"/><method name="call (overridable 2)" signature="" line-rate="0" branch-rate="0"/><method name="init" signature="" line-rate="0" branch-rate="0"/><method name="init" signature="" line-rate="0" branch-rate="0"/><method name="instrument" signature="" line-rate="0" branch-rate="0"/><method name="plug_builder_call" signature="" line-rate="0" branch-rate="0"/><method name="subscribe" signature="" line-rate="0" branch-rate="0"/><method name="subscribe" signature="" line-rate="0" branch-rate="0"/><method name="subscribe" signature="" line-rate="0" branch-rate="0"/><method name="unsubscribe" signature="" line-rate="0" branch-rate="0"/><method name="unsubscribe" signature="" line-rate="0" branch-rate="0"/></methods><lines><line branch="false" hits="0" number="1"/><line branch="false" hits="0" number="1"/><line branch="false" hits="1" number="1"/><line branch="false" hits="1" number="1"/><line branch="false" hits="1" number="1"/><line branch="false" hits="1" number="1"/><line branch="false" hits="0" number="1"/><line branch="false" hits="0" number="1"/><line branch="false" hits="0" number="2"/><line branch="false" hits="0" number="2"/><line branch="false" hits="0" number="2"/><line branch="false" hits="0" number="2"/><line branch="false" hits="0" number="2"/><line branch="false" hits="1" number="2"/><line branch="false" hits="1" number="2"/><line branch="false" hits="0" number="2"/><line branch="false" hits="0" number="2"/><line branch="false" hits="0" number="2"/><line branch="false" hits="0" number="2"/><line branch="false" hits="0" number="2"/><line branch="false" hits="1" number="49"/><line branch="false" hits="0" number="50"/><line branch="false" hits="0" number="51"/><line branch="false" hits="0" number="52"/><line branch="false" hits="0" number="53"/></lines></class><class name="ExVote.Projects.Ticket" filename="lib/ex_vote/projects/ticket.ex" line-rate="0" branch-rate="0" complexity="1"><methods><method name="__changeset__" signature="" line-rate="0" branch-rate="0"/><method name="__info__" signature="" line-rate="0" branch-rate="0"/><method name="__schema__" signature="" line-rate="0" branch-rate="0"/><method name="__schema__" signature="" line-rate="0" branch-rate="0"/><method name="__struct__" signature="" line-rate="0" branch-rate="0"/><method name="__struct__" signature="" line-rate="0" branch-rate="0"/><method name="changeset_create" signature="" line-rate="0" branch-rate="0"/></methods><lines><line branch="false" hits="0" number="5"/><line branch="false" hits="6" number="5"/><line branch="false" hits="0" number="5"/><line branch="false" hits="0" number="5"/><line branch="false" hits="3" number="5"/><line branch="false" hits="0" number="5"/><line branch="false" hits="0" number="5"/><line branch="false" hits="0" number="5"/><line branch="false" hits="3" number="19"/></lines></class><class name="ExVote" filename="lib/ex_vote.ex" line-rate="0" branch-rate="0" complexity="1"><methods><method name="__info__" signature="" line-rate="0" branch-rate="0"/></methods><lines/></class><class name="ExVote.Phases.ProjectPhaseServer" filename="lib/ex_vote/phases/project_phase_server.ex" line-rate="0" branch-rate="0" complexity="1"><methods><method name="__info__" signature="" line-rate="0" branch-rate="0"/><method name="handle_info" signature="" line-rate="0" branch-rate="0"/><method name="init" signature="" line-rate="0" branch-rate="0"/><method name="schedule_phase_change" signature="" line-rate="0" branch-rate="0"/><method name="start_link" signature="" line-rate="0" branch-rate="0"/><method name="via_tuple" signature="" line-rate="0" branch-rate="0"/></methods><lines><line branch="false" hits="0" number="13"/><line branch="false" hits="0" number="17"/><line branch="false" hits="0" number="21"/><line branch="false" hits="0" number="27"/><line branch="false" hits="0" number="33"/><line branch="false" hits="0" number="37"/><line branch="false" hits="0" number="39"/><line branch="false" hits="0" number="45"/><line branch="false" hits="0" number="50"/><line branch="false" hits="0" number="52"/><line branch="false" hits="0" number="60"/><line branch="false" hits="0" number="62"/><line branch="false" hits="0" number="63"/><line branch="false" hits="0" number="64"/><line branch="false" hits="0" number="67"/></lines></class><class name="ExVoteWeb.PageView" filename="lib/ex_vote_web/views/page_view.ex" line-rate="0" branch-rate="0" complexity="1"><methods><method name="__info__" signature="" line-rate="0" branch-rate="0"/><method name="__phoenix_recompile__?" signature="" line-rate="0" branch-rate="0"/><method name="__resource__" signature="" line-rate="0" branch-rate="0"/><method name="__templates__" signature="" line-rate="0" branch-rate="0"/><method name="render" signature="" line-rate="0" branch-rate="0"/><method name="render" signature="" line-rate="0" branch-rate="0"/><method name="render_template" signature="" line-rate="0" branch-rate="0"/><method name="template_not_found" signature="" line-rate="0" branch-rate="0"/></methods><lines><line branch="false" hits="0" number="1"/><line branch="false" hits="0" number="1"/><line branch="false" hits="0" number="1"/><line branch="false" hits="0" number="1"/><line branch="false" hits="0" number="1"/><line branch="false" hits="0" number="1"/><line branch="false" hits="0" number="2"/><line branch="false" hits="0" number="2"/><line branch="false" hits="0" number="2"/><line branch="false" hits="0" number="2"/><line branch="false" hits="0" number="2"/></lines></class><class name="ExVoteWeb.Gettext" filename="lib/ex_vote_web/gettext.ex" line-rate="0" branch-rate="0" complexity="1"><methods><method name="MACRO-dgettext" signature="" line-rate="0" branch-rate="0"/><method name="MACRO-dgettext" signature="" line-rate="0" branch-rate="0"/><method name="MACRO-dgettext_noop" signature="" line-rate="0" branch-rate="0"/><method name="MACRO-dngettext" signature="" line-rate="0" branch-rate="0"/><method name="MACRO-dngettext" signature="" line-rate="0" branch-rate="0"/><method name="MACRO-dngettext_noop" signature="" line-rate="0" branch-rate="0"/><method name="MACRO-gettext" signature="" line-rate="0" branch-rate="0"/><method name="MACRO-gettext" signature="" line-rate="0" branch-rate="0"/><method name="MACRO-gettext_comment" signature="" line-rate="0" branch-rate="0"/><method name="MACRO-gettext_noop" signature="" line-rate="0" branch-rate="0"/><method name="MACRO-ngettext" signature="" line-rate="0" branch-rate="0"/><method name="MACRO-ngettext" signature="" line-rate="0" branch-rate="0"/><method name="MACRO-ngettext_noop" signature="" line-rate="0" branch-rate="0"/><method name="__gettext__" signature="" line-rate="0" branch-rate="0"/><method name="__info__" signature="" line-rate="0" branch-rate="0"/><method name="en_errors_lgettext" signature="" line-rate="0" branch-rate="0"/><method name="en_errors_lngettext" signature="" line-rate="0" branch-rate="0"/><method name="handle_missing_bindings" signature="" line-rate="0" branch-rate="0"/><method name="handle_missing_plural_translation" signature="" line-rate="0" branch-rate="0"/><method name="handle_missing_translation" signature="" line-rate="0" branch-rate="0"/><method name="lgettext" signature="" line-rate="0" branch-rate="0"/><method name="lngettext" signature="" line-rate="0" branch-rate="0"/></methods><lines><line branch="false" hits="0" number="1"/><line branch="false" hits="0" number="1"/><line branch="false" hits="0" number="1"/><line branch="false" hits="0" number="1"/><line branch="false" hits="0" number="1"/><line branch="false" hits="0" number="1"/><line branch="false" hits="0" number="1"/><line branch="false" hits="0" number="1"/><line branch="false" hits="0" number="1"/><line branch="false" hits="0" number="1"/><line branch="false" hits="0" number="1"/><line branch="false" hits="0" number="1"/><line branch="false" hits="0" number="1"/><line branch="false" hits="0" number="23"/><line branch="false" hits="0" number="23"/><line branch="false" hits="0" number="23"/></lines></class><class name="ExVote.Accounts" filename="lib/ex_vote/accounts/accounts.ex" line-rate="0" branch-rate="0" complexity="1"><methods><method name="__info__" signature="" line-rate="0" branch-rate="0"/><method name="check_login" signature="" line-rate="0" branch-rate="0"/><method name="create_user" signature="" line-rate="0" branch-rate="0"/><method name="create_user" signature="" line-rate="0" branch-rate="0"/><method name="delete_user" signature="" line-rate="0" branch-rate="0"/><method name="find_user" signature="" line-rate="0" branch-rate="0"/><method name="get_user" signature="" line-rate="0" branch-rate="0"/><method name="list_users" signature="" line-rate="0" branch-rate="0"/><method name="login" signature="" line-rate="0" branch-rate="0"/><method name="login" signature="" line-rate="0" branch-rate="0"/></methods><lines><line branch="false" hits="1" number="8"/><line branch="false" hits="0" number="12"/><line branch="false" hits="0" number="15"/><line branch="false" hits="8" number="18"/><line branch="false" hits="0" number="22"/><line branch="false" hits="0" number="25"/><line branch="false" hits="0" number="28"/><line branch="false" hits="0" number="32"/><line branch="false" hits="0" number="35"/><line branch="false" hits="0" number="38"/><line branch="false" hits="0" number="40"/><line branch="false" hits="0" number="43"/><line branch="false" hits="0" number="46"/><line branch="false" hits="0" number="49"/><line branch="false" hits="1" number="54"/><line branch="false" hits="1" number="55"/></lines></class><class name="ExVoteWeb.Api.ProjectParticipationView" filename="lib/ex_vote_web/views/api/project_participation_view.ex" line-rate="0" branch-rate="0" complexity="1"><methods><method name="__info__" signature="" line-rate="0" branch-rate="0"/><method name="__phoenix_recompile__?" signature="" line-rate="0" branch-rate="0"/><method name="__resource__" signature="" line-rate="0" branch-rate="0"/><method name="__templates__" signature="" line-rate="0" branch-rate="0"/><method name="participation_json" signature="" line-rate="0" branch-rate="0"/><method name="render" signature="" line-rate="0" branch-rate="0"/><method name="render" signature="" line-rate="0" branch-rate="0"/><method name="render_template" signature="" line-rate="0" branch-rate="0"/><method name="template_not_found" signature="" line-rate="0" branch-rate="0"/><method name="ticket_json" signature="" line-rate="0" branch-rate="0"/><method name="user_json" signature="" line-rate="0" branch-rate="0"/></methods><lines><line branch="false" hits="0" number="1"/><line branch="false" hits="0" number="1"/><line branch="false" hits="0" number="1"/><line branch="false" hits="0" number="1"/><line branch="false" hits="0" number="1"/><line branch="false" hits="0" number="2"/><line branch="false" hits="0" number="2"/><line branch="false" hits="0" number="2"/><line branch="false" hits="0" number="2"/><line branch="false" hits="0" number="2"/><line branch="false" hits="0" number="4"/><line branch="false" hits="0" number="7"/><line branch="false" hits="0" number="11"/><line branch="false" hits="0" number="15"/><line branch="false" hits="0" number="22"/><line branch="false" hits="0" number="29"/><line branch="false" hits="0" number="30"/><line branch="false" hits="0" number="31"/><line branch="false" hits="0" number="32"/><line branch="false" hits="0" number="37"/><line branch="false" hits="0" number="38"/><line branch="false" hits="0" number="39"/><line branch="false" hits="0" number="40"/><line branch="false" hits="0" number="41"/><line branch="false" hits="0" number="46"/><line branch="false" hits="0" number="47"/><line branch="false" hits="0" number="48"/><line branch="false" hits="0" number="49"/><line branch="false" hits="0" number="50"/><line branch="false" hits="0" number="51"/><line branch="false" hits="0" number="56"/><line branch="false" hits="0" number="57"/><line branch="false" hits="0" number="58"/></lines></class><class name="ExVoteWeb.ErrorHelpers" filename="lib/ex_vote_web/views/error_helpers.ex" line-rate="0" branch-rate="0" complexity="1"><methods><method name="__info__" signature="" line-rate="0" branch-rate="0"/><method name="error_json" signature="" line-rate="0" branch-rate="0"/><method name="error_message_json" signature="" line-rate="0" branch-rate="0"/><method name="error_tag" signature="" line-rate="0" branch-rate="0"/><method name="errors?" signature="" line-rate="0" branch-rate="0"/><method name="render_changeset_errors" signature="" line-rate="0" branch-rate="0"/><method name="translate_error" signature="" line-rate="0" branch-rate="0"/></methods><lines><line branch="false" hits="0" number="12"/><line branch="false" hits="0" number="13"/><line branch="false" hits="0" number="21"/><line branch="false" hits="0" number="45"/><line branch="false" hits="0" number="46"/><line branch="false" hits="0" number="48"/><line branch="false" hits="0" number="53"/><line branch="false" hits="0" number="59"/><line branch="false" hits="0" number="60"/><line branch="false" hits="0" number="64"/><line branch="false" hits="0" number="67"/><line branch="false" hits="0" number="69"/><line branch="false" hits="0" number="71"/></lines></class><class name="ExVoteWeb.Router.Helpers" filename="lib/ex_vote_web/router.ex" line-rate="0" branch-rate="0" complexity="1"><methods><method name="__info__" signature="" line-rate="0" branch-rate="0"/><method name="api_project_participation_path" signature="" line-rate="0" branch-rate="0"/><method name="api_project_participation_path" signature="" line-rate="0" branch-rate="0"/><method name="api_project_participation_url" signature="" line-rate="0" branch-rate="0"/><method name="api_project_participation_url" signature="" line-rate="0" branch-rate="0"/><method name="api_project_path" signature="" line-rate="0" branch-rate="0"/><method name="api_project_path" signature="" line-rate="0" branch-rate="0"/><method name="api_project_path" signature="" line-rate="0" branch-rate="0"/><method name="api_project_url" signature="" line-rate="0" branch-rate="0"/><method name="api_project_url" signature="" line-rate="0" branch-rate="0"/><method name="api_project_url" signature="" line-rate="0" branch-rate="0"/><method name="api_user_path" signature="" line-rate="0" branch-rate="0"/><method name="api_user_path" signature="" line-rate="0" branch-rate="0"/><method name="api_user_url" signature="" line-rate="0" branch-rate="0"/><method name="api_user_url" signature="" line-rate="0" branch-rate="0"/><method name="path" signature="" line-rate="0" branch-rate="0"/><method name="project_path" signature="" line-rate="0" branch-rate="0"/><method name="project_path" signature="" line-rate="0" branch-rate="0"/><method name="project_path" signature="" line-rate="0" branch-rate="0"/><method name="project_url" signature="" line-rate="0" branch-rate="0"/><method name="project_url" signature="" line-rate="0" branch-rate="0"/><method name="project_url" signature="" line-rate="0" branch-rate="0"/><method name="raise_route_error" signature="" line-rate="0" branch-rate="0"/><method name="redoc_path" signature="" line-rate="0" branch-rate="0"/><method name="redoc_path" signature="" line-rate="0" branch-rate="0"/><method name="redoc_url" signature="" line-rate="0" branch-rate="0"/><method name="redoc_url" signature="" line-rate="0" branch-rate="0"/><method name="segments" signature="" line-rate="0" branch-rate="0"/><method name="static_path" signature="" line-rate="0" branch-rate="0"/><method name="static_url" signature="" line-rate="0" branch-rate="0"/><method name="to_param" signature="" line-rate="0" branch-rate="0"/><method name="url" signature="" line-rate="0" branch-rate="0"/><method name="user_path" signature="" line-rate="0" branch-rate="0"/><method name="user_path" signature="" line-rate="0" branch-rate="0"/><method name="user_url" signature="" line-rate="0" branch-rate="0"/><method name="user_url" signature="" line-rate="0" branch-rate="0"/></methods><lines><line branch="false" hits="0" number="1"/><line branch="false" hits="0" number="1"/><line branch="false" hits="0" number="1"/><line branch="false" hits="0" number="1"/><line branch="false" hits="0" number="1"/><line branch="false" hits="0" number="1"/><line branch="false" hits="0" number="1"/><line branch="false" hits="0" number="1"/><line branch="false" hits="0" number="1"/><line branch="false" hits="0" number="1"/><line branch="false" hits="1" number="1"/><line branch="false" hits="0" number="1"/><line branch="false" hits="0" number="1"/><line branch="false" hits="0" number="1"/><line branch="false" hits="0" number="1"/><line branch="false" hits="0" number="1"/><line branch="false" hits="0" number="1"/><line branch="false" hits="0" number="1"/><line branch="false" hits="0" number="1"/><line branch="false" hits="0" number="1"/><line branch="false" hits="0" number="1"/><line branch="false" hits="0" number="1"/><line branch="false" hits="0" number="1"/><line branch="false" hits="0" number="1"/><line branch="false" hits="0" number="1"/><line branch="false" hits="0" number="1"/><line branch="false" hits="0" number="1"/><line branch="false" hits="0" number="1"/><line branch="false" hits="0" number="1"/><line branch="false" hits="0" number="1"/><line branch="false" hits="0" number="1"/><line branch="false" hits="0" number="1"/><line branch="false" hits="0" number="1"/><line branch="false" hits="0" number="1"/><line branch="false" hits="0" number="1"/><line branch="false" hits="0" number="1"/><line branch="false" hits="0" number="1"/><line branch="false" hits="0" number="1"/><line branch="false" hits="0" number="1"/><line branch="false" hits="0" number="1"/><line branch="false" hits="0" number="1"/><line branch="false" hits="0" number="1"/><line branch="false" hits="0" number="1"/><line branch="false" hits="0" number="1"/><line branch="false" hits="0" number="1"/><line branch="false" hits="0" number="1"/><line branch="false" hits="0" number="1"/><line branch="false" hits="0" number="1"/><line branch="false" hits="0" number="1"/><line branch="false" hits="0" number="1"/><line branch="false" hits="0" number="1"/><line branch="false" hits="0" number="1"/><line branch="false" hits="0" number="1"/><line branch="false" hits="0" number="1"/><line branch="false" hits="0" number="1"/><line branch="false" hits="0" number="1"/><line branch="false" hits="0" number="1"/><line branch="false" hits="0" number="1"/><line branch="false" hits="0" number="1"/><line branch="false" hits="0" number="1"/><line branch="false" hits="0" number="1"/><line branch="false" hits="0" number="1"/><line branch="false" hits="0" number="1"/><line branch="false" hits="0" number="1"/><line branch="false" hits="0" number="1"/><line branch="false" hits="0" number="1"/><line branch="false" hits="0" number="1"/><line branch="false" hits="0" number="1"/><line branch="false" hits="0" number="1"/><line branch="false" hits="0" number="1"/><line branch="false" hits="0" number="1"/><line branch="false" hits="0" number="1"/><line branch="false" hits="0" number="1"/><line branch="false" hits="0" number="1"/><line branch="false" hits="0" number="1"/><line branch="false" hits="0" number="1"/><line branch="false" hits="0" number="1"/><line branch="false" hits="0" number="1"/><line branch="false" hits="0" number="1"/><line branch="false" hits="0" number="1"/><line branch="false" hits="0" number="1"/><line branch="false" hits="0" number="1"/><line branch="false" hits="0" number="1"/><line branch="false" hits="0" number="1"/><line branch="false" hits="0" number="1"/><line branch="false" hits="0" number="1"/><line branch="false" hits="0" number="1"/><line branch="false" hits="0" number="1"/><line branch="false" hits="0" number="1"/><line branch="false" hits="0" number="1"/><line branch="false" hits="0" number="1"/><line branch="false" hits="0" number="1"/><line branch="false" hits="0" number="1"/><line branch="false" hits="0" number="1"/><line branch="false" hits="0" number="1"/><line branch="false" hits="0" number="1"/><line branch="false" hits="0" number="1"/><line branch="false" hits="0" number="1"/><line branch="false" hits="0" number="1"/><line branch="false" hits="0" number="1"/><line branch="false" hits="0" number="1"/><line branch="false" hits="0" number="1"/><line branch="false" hits="0" number="1"/><line branch="false" hits="0" number="1"/><line branch="false" hits="2" number="1"/><line branch="false" hits="0" number="1"/><line branch="false" hits="1" number="1"/><line branch="false" hits="0" number="1"/><line branch="false" hits="0" number="1"/><line branch="false" hits="0" number="1"/><line branch="false" hits="0" number="1"/><line branch="false" hits="0" number="1"/><line branch="false" hits="0" number="1"/><line branch="false" hits="0" number="1"/><line branch="false" hits="0" number="1"/><line branch="false" hits="0" number="1"/><line branch="false" hits="0" number="1"/><line branch="false" hits="0" number="1"/><line branch="false" hits="0" number="1"/><line branch="false" hits="0" number="1"/><line branch="false" hits="0" number="1"/><line branch="false" hits="0" number="1"/><line branch="false" hits="0" number="1"/><line branch="false" hits="0" number="1"/><line branch="false" hits="0" number="1"/><line branch="false" hits="0" number="1"/><line branch="false" hits="0" number="1"/><line branch="false" hits="0" number="1"/><line branch="false" hits="0" number="1"/><line branch="false" hits="0" number="1"/><line branch="false" hits="0" number="1"/><line branch="false" hits="0" number="1"/><line branch="false" hits="0" number="1"/><line branch="false" hits="0" number="1"/><line branch="false" hits="0" number="1"/><line branch="false" hits="0" number="1"/><line branch="false" hits="0" number="1"/><line branch="false" hits="2" number="1"/><line branch="false" hits="0" number="1"/><line branch="false" hits="1" number="1"/><line branch="false" hits="0" number="1"/><line branch="false" hits="0" number="1"/><line branch="false" hits="0" number="1"/><line branch="false" hits="0" number="1"/><line branch="false" hits="0" number="1"/><line branch="false" hits="0" number="1"/><line branch="false" hits="0" number="1"/><line branch="false" hits="0" number="1"/><line branch="false" hits="1" number="1"/><line branch="false" hits="0" number="1"/><line branch="false" hits="0" number="1"/><line branch="false" hits="0" number="1"/><line branch="false" hits="0" number="1"/><line branch="false" hits="0" number="1"/><line branch="false" hits="0" number="1"/><line branch="false" hits="0" number="1"/><line branch="false" hits="2" number="1"/><line branch="false" hits="0" number="1"/><line branch="false" hits="0" number="1"/></lines></class><class name="ExVoteWeb.Api.RedocController" filename="lib/ex_vote_web/controllers/api/redoc_controller.ex" line-rate="0" branch-rate="0" complexity="1"><methods><method name="__info__" signature="" line-rate="0" branch-rate="0"/><method name="action" signature="" line-rate="0" branch-rate="0"/><method name="action (overridable 2)" signature="" line-rate="0" branch-rate="0"/><method name="call" signature="" line-rate="0" branch-rate="0"/><method name="index" signature="" line-rate="0" branch-rate="0"/><method name="init" signature="" line-rate="0" branch-rate="0"/><method name="phoenix_controller_pipeline" signature="" line-rate="0" branch-rate="0"/></methods><lines><line branch="false" hits="0" number="1"/><line branch="false" hits="0" number="1"/><line branch="false" hits="0" number="2"/><line branch="false" hits="0" number="2"/><line branch="false" hits="0" number="2"/><line branch="false" hits="0" number="6"/></lines></class><class name="ExVoteWeb.PageController" filename="lib/ex_vote_web/controllers/page_controller.ex" line-rate="0" branch-rate="0" complexity="1"><methods><method name="__info__" signature="" line-rate="0" branch-rate="0"/><method name="action" signature="" line-rate="0" branch-rate="0"/><method name="action (overridable 2)" signature="" line-rate="0" branch-rate="0"/><method name="call" signature="" line-rate="0" branch-rate="0"/><method name="index" signature="" line-rate="0" branch-rate="0"/><method name="init" signature="" line-rate="0" branch-rate="0"/><method name="phoenix_controller_pipeline" signature="" line-rate="0" branch-rate="0"/></methods><lines><line branch="false" hits="0" number="1"/><line branch="false" hits="0" number="1"/><line branch="false" hits="0" number="2"/><line branch="false" hits="0" number="2"/><line branch="false" hits="0" number="2"/><line branch="false" hits="0" number="6"/></lines></class><class name="ExVote.Participations.CandidateParticipation" filename="lib/ex_vote/participations/candidate_participation.ex" line-rate="0" branch-rate="0" complexity="1"><methods><method name="__changeset__" signature="" line-rate="0" branch-rate="0"/><method name="__info__" signature="" line-rate="0" branch-rate="0"/><method name="__schema__" signature="" line-rate="0" branch-rate="0"/><method name="__schema__" signature="" line-rate="0" branch-rate="0"/><method name="__struct__" signature="" line-rate="0" branch-rate="0"/><method name="__struct__" signature="" line-rate="0" branch-rate="0"/><method name="changeset_cast" signature="" line-rate="0" branch-rate="0"/><method name="changeset_create" signature="" line-rate="0" branch-rate="0"/><method name="changeset_update" signature="" line-rate="0" branch-rate="0"/><method name="changeset_update_votes" signature="" line-rate="0" branch-rate="0"/><method name="validate_role" signature="" line-rate="0" branch-rate="0"/></methods><lines><line branch="false" hits="0" number="12"/><line branch="false" hits="0" number="12"/><line branch="false" hits="0" number="12"/><line branch="false" hits="0" number="12"/><line branch="false" hits="0" number="12"/><line branch="false" hits="0" number="12"/><line branch="false" hits="0" number="12"/><line branch="false" hits="0" number="12"/><line branch="false" hits="0" number="12"/><line branch="false" hits="0" number="12"/><line branch="false" hits="0" number="32"/><line branch="false" hits="0" number="47"/><line branch="false" hits="0" number="53"/><line branch="false" hits="0" number="57"/><line branch="false" hits="0" number="58"/><line branch="false" hits="0" number="60"/><line branch="false" hits="0" number="67"/><line branch="false" hits="0" number="71"/><line branch="false" hits="0" number="74"/></lines></class><class name="ExVote.Participations.UserParticipation" filename="lib/ex_vote/participations/user_participation.ex" line-rate="0" branch-rate="0" complexity="1"><methods><method name="__changeset__" signature="" line-rate="0" branch-rate="0"/><method name="__info__" signature="" line-rate="0" branch-rate="0"/><method name="__schema__" signature="" line-rate="0" branch-rate="0"/><method name="__schema__" signature="" line-rate="0" branch-rate="0"/><method name="__struct__" signature="" line-rate="0" branch-rate="0"/><method name="__struct__" signature="" line-rate="0" branch-rate="0"/><method name="changeset_cast" signature="" line-rate="0" branch-rate="0"/><method name="changeset_create" signature="" line-rate="0" branch-rate="0"/><method name="changeset_update" signature="" line-rate="0" branch-rate="0"/><method name="changeset_update_vote" signature="" line-rate="0" branch-rate="0"/><method name="validate_role" signature="" line-rate="0" branch-rate="0"/></methods><lines><line branch="false" hits="0" number="11"/><line branch="false" hits="0" number="11"/><line branch="false" hits="0" number="11"/><line branch="false" hits="0" number="11"/><line branch="false" hits="0" number="11"/><line branch="false" hits="0" number="11"/><line branch="false" hits="0" number="11"/><line branch="false" hits="0" number="11"/><line branch="false" hits="0" number="11"/><line branch="false" hits="0" number="11"/><line branch="false" hits="0" number="30"/><line branch="false" hits="0" number="45"/><line branch="false" hits="0" number="54"/><line branch="false" hits="0" number="59"/><line branch="false" hits="0" number="63"/><line branch="false" hits="0" number="64"/><line branch="false" hits="0" number="66"/><line branch="false" hits="0" number="71"/><line branch="false" hits="0" number="74"/></lines></class><class name="ExVoteWeb.Api.UserView" filename="lib/ex_vote_web/views/api/user_view.ex" line-rate="0" branch-rate="0" complexity="1"><methods><method name="__info__" signature="" line-rate="0" branch-rate="0"/><method name="__phoenix_recompile__?" signature="" line-rate="0" branch-rate="0"/><method name="__resource__" signature="" line-rate="0" branch-rate="0"/><method name="__templates__" signature="" line-rate="0" branch-rate="0"/><method name="render" signature="" line-rate="0" branch-rate="0"/><method name="render" signature="" line-rate="0" branch-rate="0"/><method name="render_template" signature="" line-rate="0" branch-rate="0"/><method name="template_not_found" signature="" line-rate="0" branch-rate="0"/></methods><lines><line branch="false" hits="0" number="1"/><line branch="false" hits="0" number="1"/><line branch="false" hits="0" number="1"/><line branch="false" hits="0" number="1"/><line branch="false" hits="0" number="1"/><line branch="false" hits="0" number="2"/><line branch="false" hits="0" number="2"/><line branch="false" hits="0" number="2"/><line branch="false" hits="0" number="2"/><line branch="false" hits="0" number="2"/><line branch="false" hits="0" number="4"/><line branch="false" hits="0" number="7"/><line branch="false" hits="0" number="13"/><line branch="false" hits="0" number="14"/><line branch="false" hits="0" number="15"/></lines></class><class name="ExVoteWeb.UserSocket" filename="lib/ex_vote_web/channels/user_socket.ex" line-rate="0" branch-rate="0" complexity="1"><methods><method name="__channel__" signature="" line-rate="0" branch-rate="0"/><method name="__info__" signature="" line-rate="0" branch-rate="0"/><method name="__transport__" signature="" line-rate="0" branch-rate="0"/><method name="__transports__" signature="" line-rate="0" branch-rate="0"/><method name="connect" signature="" line-rate="0" branch-rate="0"/><method name="id" signature="" line-rate="0" branch-rate="0"/></methods><lines><line branch="false" hits="0" number="1"/></lines></class><class name="ExVoteWeb" filename="lib/ex_vote_web.ex" line-rate="0" branch-rate="0" complexity="1"><methods><method name="MACRO-__using__" signature="" line-rate="0" branch-rate="0"/><method name="__info__" signature="" line-rate="0" branch-rate="0"/><method name="channel" signature="" line-rate="0" branch-rate="0"/><method name="controller" signature="" line-rate="0" branch-rate="0"/><method name="router" signature="" line-rate="0" branch-rate="0"/><method name="view" signature="" line-rate="0" branch-rate="0"/></methods><lines><line branch="false" hits="0" number="66"/></lines></class><class name="ExVoteWeb.UserView" filename="lib/ex_vote_web/views/user_view.ex" line-rate="0" branch-rate="0" complexity="1"><methods><method name="__info__" signature="" line-rate="0" branch-rate="0"/><method name="__phoenix_recompile__?" signature="" line-rate="0" branch-rate="0"/><method name="__resource__" signature="" line-rate="0" branch-rate="0"/><method name="__templates__" signature="" line-rate="0" branch-rate="0"/><method name="render" signature="" line-rate="0" branch-rate="0"/><method name="render" signature="" line-rate="0" branch-rate="0"/><method name="render_template" signature="" line-rate="0" branch-rate="0"/><method name="template_not_found" signature="" line-rate="0" branch-rate="0"/></methods><lines><line branch="false" hits="0" number="1"/><line branch="false" hits="0" number="1"/><line branch="false" hits="0" number="1"/><line branch="false" hits="0" number="1"/><line branch="false" hits="0" number="1"/><line branch="false" hits="0" number="1"/><line branch="false" hits="0" number="2"/><line branch="false" hits="0" number="2"/><line branch="false" hits="0" number="2"/><line branch="false" hits="0" number="2"/><line branch="false" hits="0" number="2"/></lines></class><class name="ExVoteWeb.Api.ProjectController" filename="lib/ex_vote_web/controllers/api/project_controller.ex" line-rate="0" branch-rate="0" complexity="1"><methods><method name="__info__" signature="" line-rate="0" branch-rate="0"/><method name="action" signature="" line-rate="0" branch-rate="0"/><method name="action (overridable 2)" signature="" line-rate="0" branch-rate="0"/><method name="call" signature="" line-rate="0" branch-rate="0"/><method name="create" signature="" line-rate="0" branch-rate="0"/><method name="index" signature="" line-rate="0" branch-rate="0"/><method name="init" signature="" line-rate="0" branch-rate="0"/><method name="list_tickets" signature="" line-rate="0" branch-rate="0"/><method name="phoenix_controller_pipeline" signature="" line-rate="0" branch-rate="0"/><method name="report" signature="" line-rate="0" branch-rate="0"/><method name="show" signature="" line-rate="0" branch-rate="0"/><method name="swagger_definitions" signature="" line-rate="0" branch-rate="0"/><method name="swagger_path_create" signature="" line-rate="0" branch-rate="0"/><method name="swagger_path_index" signature="" line-rate="0" branch-rate="0"/><method name="swagger_path_list_tickets" signature="" line-rate="0" branch-rate="0"/><method name="swagger_path_report" signature="" line-rate="0" branch-rate="0"/><method name="swagger_path_show" signature="" line-rate="0" branch-rate="0"/></methods><lines><line branch="false" hits="0" number="1"/><line branch="false" hits="0" number="1"/><line branch="false" hits="0" number="2"/><line branch="false" hits="0" number="2"/><line branch="false" hits="0" number="2"/><line branch="false" hits="0" number="12"/><line branch="false" hits="0" number="24"/><line branch="false" hits="0" number="27"/><line branch="false" hits="0" number="41"/><line branch="false" hits="0" number="42"/><line branch="false" hits="0" number="45"/><line branch="false" hits="0" number="49"/><line branch="false" hits="0" number="53"/><line branch="false" hits="0" number="68"/><line branch="false" hits="0" number="69"/><line branch="false" hits="0" number="72"/><line branch="false" hits="0" number="75"/><line branch="false" hits="0" number="78"/><line branch="false" hits="0" number="82"/><line branch="false" hits="0" number="95"/><line branch="false" hits="0" number="99"/><line branch="false" hits="0" number="104"/><line branch="false" hits="0" number="108"/><line branch="false" hits="0" number="120"/><line branch="false" hits="0" number="121"/><line branch="false" hits="0" number="127"/><line branch="false" hits="0" number="131"/><line branch="false" hits="0" number="132"/><line branch="false" hits="0" number="140"/><line branch="false" hits="0" number="143"/><line branch="false" hits="0" number="149"/><line branch="false" hits="0" number="152"/><line branch="false" hits="0" number="158"/><line branch="false" hits="0" number="166"/><line branch="false" hits="0" number="169"/><line branch="false" hits="0" number="175"/><line branch="false" hits="0" number="187"/><line branch="false" hits="0" number="199"/><line branch="false" hits="0" number="203"/><line branch="false" hits="0" number="209"/><line branch="false" hits="0" number="213"/><line branch="false" hits="0" number="216"/><line branch="false" hits="0" number="219"/><line branch="false" hits="0" number="221"/><line branch="false" hits="0" number="226"/><line branch="false" hits="0" number="231"/><line branch="false" hits="0" number="234"/><line branch="false" hits="0" number="238"/><line branch="false" hits="0" number="241"/><line branch="false" hits="0" number="246"/></lines></class><class name="ExVoteWeb.Plugs.ParticipationPlugs" filename="lib/ex_vote_web/plugs/participation_plugs.ex" line-rate="0" branch-rate="0" complexity="1"><methods><method name="__info__" signature="" line-rate="0" branch-rate="0"/><method name="fetch_current_participation" signature="" line-rate="0" branch-rate="0"/></methods><lines><line branch="false" hits="0" number="7"/><line branch="false" hits="0" number="8"/><line branch="false" hits="0" number="10"/></lines></class><class name="ExVote.Accounts.User" filename="lib/ex_vote/accounts/user.ex" line-rate="0" branch-rate="0" complexity="1"><methods><method name="__changeset__" signature="" line-rate="0" branch-rate="0"/><method name="__info__" signature="" line-rate="0" branch-rate="0"/><method name="__schema__" signature="" line-rate="0" branch-rate="0"/><method name="__schema__" signature="" line-rate="0" branch-rate="0"/><method name="__struct__" signature="" line-rate="0" branch-rate="0"/><method name="__struct__" signature="" line-rate="0" branch-rate="0"/><method name="changeset_create" signature="" line-rate="0" branch-rate="0"/></methods><lines><line branch="false" hits="9" number="6"/><line branch="false" hits="0" number="6"/><line branch="false" hits="7" number="6"/><line branch="false" hits="1" number="6"/><line branch="false" hits="0" number="6"/><line branch="false" hits="9" number="6"/><line branch="false" hits="16" number="6"/><line branch="false" hits="0" number="6"/><line branch="false" hits="8" number="18"/></lines></class><class name="ExVoteWeb.ChannelCase" filename="test/support/channel_case.ex" line-rate="0" branch-rate="0" complexity="1"><methods><method name="MACRO-__using__" signature="" line-rate="0" branch-rate="0"/><method name="__ex_unit__" signature="" line-rate="0" branch-rate="0"/><method name="__ex_unit_setup_0" signature="" line-rate="0" branch-rate="0"/><method name="__info__" signature="" line-rate="0" branch-rate="0"/></methods><lines><line branch="false" hits="0" number="1"/><line branch="false" hits="0" number="1"/><line branch="false" hits="0" number="18"/><line branch="false" hits="0" number="30"/><line branch="false" hits="0" number="31"/><line branch="false" hits="0" number="32"/></lines></class><class name="ExVoteWeb.Plugs.ProjectPlugs" filename="lib/ex_vote_web/plugs/project_plugs.ex" line-rate="0" branch-rate="0" complexity="1"><methods><method name="__info__" signature="" line-rate="0" branch-rate="0"/><method name="fetch_project" signature="" line-rate="0" branch-rate="0"/></methods><lines><line branch="false" hits="0" number="7"/><line branch="false" hits="0" number="8"/><line branch="false" hits="0" number="9"/><line branch="false" hits="0" number="12"/></lines></class></classes></package></packages></coverage>